#
# A fatal error has been detected by the Java Runtime Environment:
#
#  EXCEPTION_ACCESS_VIOLATION (0xc0000005) at pc=0x000000005fd5d68b, pid=7288, tid=7900
#
# JRE version: 7.0_13-b20
# Java VM: Java HotSpot(TM) 64-Bit Server VM (23.7-b01 mixed mode windows-amd64 compressed oops)
# Problematic frame:
# V  [jvm.dll+0x11d68b]
#
# Failed to write core dump. Minidumps are not enabled by default on client versions of Windows
#
# If you would like to submit a bug report, please visit:
#   http://bugreport.sun.com/bugreport/crash.jsp
#

---------------  T H R E A D  ---------------

Current thread (0x000000000757a800):  JavaThread "JDWP Transport Listener: dt_socket" daemon [_thread_in_vm, id=7900, stack(0x0000000008bb0000,0x0000000008cb0000)]

siginfo: ExceptionCode=0xc0000005, reading address 0x0000007200610077

Registers:
RAX=0x0000000008caf801, RBX=0x000000000757a800, RCX=0x0000007200610077, RDX=0x000000000757a800
RSP=0x0000000008caf860, RBP=0x0000007200610077, RSI=0x0000000008caf978, RDI=0x00000000023181f0
R8 =0x0000000008caf978, R9 =0x0100395207c80003, R10=0x694c2f6c6974752f, R11=0x000000000bc67eb1
R12=0x0000000000000000, R13=0x0000000000000000, R14=0x0000000000000000, R15=0x0000000000000000
RIP=0x000000005fd5d68b, EFLAGS=0x0000000000010206

Top of Stack: (sp=0x0000000008caf860)
0x0000000008caf860:   000000000757a800 000000000757b090
0x0000000008caf870:   0000000008caf928 000000005fee3f99
0x0000000008caf880:   000000000757a800 000000005feff962
0x0000000008caf890:   0000000000000039 000000000757a800
0x0000000008caf8a0:   0000000007586148 000000005d4c264e
0x0000000008caf8b0:   000000000757a800 0000000000000000
0x0000000008caf8c0:   0000000000000000 0000000000000000
0x0000000008caf8d0:   0000007200610077 000000005d4c1745
0x0000000008caf8e0:   0000000008caf978 0000000008caf950
0x0000000008caf8f0:   0000000000000001 0000000007586148
0x0000000008caf900:   0000007200610077 000000005d4a53b3
0x0000000008caf910:   0000000008cafa40 0000000000000001
0x0000000008caf920:   0000000000000001 0000000007586148
0x0000000008caf930:   000000000000000a 0000000000000000
0x0000000008caf940:   0000000000000000 0000000000000000
0x0000000008caf950:   0000000000000001 000000005d4a5571 

Instructions: (pc=0x000000005fd5d68b)
0x000000005fd5d66b:   48 8b 5c 24 30 48 89 47 18 48 83 c4 20 5f c3 cc
0x000000005fd5d67b:   cc cc cc cc cc 40 53 48 83 ec 20 48 85 c9 74 54
0x000000005fd5d68b:   48 8b 19 48 85 db 74 4c 48 b8 fe fe fe fe fe fe
0x000000005fd5d69b:   fe fe 48 3b d8 74 3d 80 3d 6f e6 58 00 00 74 15 


Register to memory mapping:

RAX=0x0000000008caf801 is pointing into the stack for thread: 0x000000000757a800
RBX=0x000000000757a800 is a thread
RCX=0x0000007200610077 is an unknown value
RDX=0x000000000757a800 is a thread
RSP=0x0000000008caf860 is pointing into the stack for thread: 0x000000000757a800
RBP=0x0000007200610077 is an unknown value
RSI=0x0000000008caf978 is pointing into the stack for thread: 0x000000000757a800
RDI=0x00000000023181f0 is an unknown value
R8 =0x0000000008caf978 is pointing into the stack for thread: 0x000000000757a800
R9 =0x0100395207c80003 is an unknown value
R10=0x694c2f6c6974752f is an unknown value
R11=0x000000000bc67eb1 is an unknown value
R12=0x0000000000000000 is an unknown value
R13=0x0000000000000000 is an unknown value
R14=0x0000000000000000 is an unknown value
R15=0x0000000000000000 is an unknown value


Stack: [0x0000000008bb0000,0x0000000008cb0000],  sp=0x0000000008caf860,  free space=1022k
Native frames: (J=compiled Java code, j=interpreted, Vv=VM code, C=native code)
V  [jvm.dll+0x11d68b]


---------------  P R O C E S S  ---------------

Java Threads: ( => current thread )
  0x000000000ad54800 JavaThread "Thread-9" daemon [_thread_blocked, id=7844, stack(0x000000000dde0000,0x000000000dee0000)]
  0x0000000009c7a000 JavaThread "Thread-8" daemon [_thread_blocked, id=6576, stack(0x000000000dee0000,0x000000000dfe0000)]
  0x000000000ad42000 JavaThread "139690071@qtp-1455549589-4" [_thread_blocked, id=8956, stack(0x000000000c7c0000,0x000000000c8c0000)]
  0x000000000ba4b800 JavaThread "Timer-0" daemon [_thread_blocked, id=8384, stack(0x000000000ccd0000,0x000000000cdd0000)]
  0x000000000947c800 JavaThread "1708662579@qtp-1455549589-1 - Acceptor0 SelectChannelConnector@127.0.0.1:8888" [_thread_in_native, id=9028, stack(0x0000000009770000,0x0000000009870000)]
  0x0000000009b16000 JavaThread "961961719@qtp-1455549589-0" [_thread_blocked, id=7924, stack(0x0000000008cb0000,0x0000000008db0000)]
  0x0000000009288800 JavaThread "Service Thread" daemon [_thread_blocked, id=7564, stack(0x00000000098b0000,0x00000000099b0000)]
  0x0000000009287800 JavaThread "C2 CompilerThread1" daemon [_thread_blocked, id=8040, stack(0x0000000009660000,0x0000000009760000)]
  0x0000000009286000 JavaThread "C2 CompilerThread0" daemon [_thread_blocked, id=8704, stack(0x0000000008f10000,0x0000000009010000)]
  0x0000000007588000 JavaThread "JDWP Command Reader" daemon [_thread_in_native, id=9040, stack(0x0000000009090000,0x0000000009190000)]
  0x0000000007582800 JavaThread "JDWP Event Helper Thread" daemon [_thread_blocked, id=5748, stack(0x0000000008e10000,0x0000000008f10000)]
=>0x000000000757a800 JavaThread "JDWP Transport Listener: dt_socket" daemon [_thread_in_vm, id=7900, stack(0x0000000008bb0000,0x0000000008cb0000)]
  0x000000000756a000 JavaThread "Attach Listener" daemon [_thread_blocked, id=9068, stack(0x0000000008530000,0x0000000008630000)]
  0x0000000007568800 JavaThread "Signal Dispatcher" daemon [_thread_blocked, id=8624, stack(0x0000000008420000,0x0000000008520000)]
  0x00000000074e3000 JavaThread "Finalizer" daemon [_thread_blocked, id=8592, stack(0x0000000008260000,0x0000000008360000)]
  0x00000000074da000 JavaThread "Reference Handler" daemon [_thread_blocked, id=8284, stack(0x0000000007f10000,0x0000000008010000)]
  0x000000000231f000 JavaThread "main" [_thread_blocked, id=7076, stack(0x00000000025e0000,0x00000000026e0000)]

Other Threads:
  0x00000000074d2800 VMThread [stack: 0x0000000008020000,0x0000000008120000] [id=2476]
  0x00000000092d8000 WatcherThread [stack: 0x00000000099b0000,0x0000000009ab0000] [id=3576]

VM state:not at safepoint (normal execution)

VM Mutex/Monitor currently owned by a thread: None

Heap
 PSYoungGen      total 164928K, used 153108K [0x00000000f5560000, 0x0000000100000000, 0x0000000100000000)
  eden space 155520K, 98% used [0x00000000f5560000,0x00000000fea8ebd8,0x00000000fed40000)
  from space 9408K, 3% used [0x00000000ff6d0000,0x00000000ff726520,0x0000000100000000)
  to   space 9600K, 0% used [0x00000000fed40000,0x00000000fed40000,0x00000000ff6a0000)
 ParOldGen       total 87424K, used 9651K [0x00000000e0000000, 0x00000000e5560000, 0x00000000f5560000)
  object space 87424K, 11% used [0x00000000e0000000,0x00000000e096ce48,0x00000000e5560000)
 PSPermGen       total 24128K, used 24088K [0x00000000dae00000, 0x00000000dc590000, 0x00000000e0000000)
  object space 24128K, 99% used [0x00000000dae00000,0x00000000dc5863e0,0x00000000dc590000)

Card table byte_map: [0x00000000056e0000,0x0000000005810000] byte_map_base: 0x0000000005009000

Polling page: 0x0000000000120000

Code Cache  [0x00000000026e0000, 0x0000000002950000, 0x00000000056e0000)
 total_blobs=845 nmethods=512 adapters=292 free_code_cache=46926Kb largest_free_block=48012864

Compilation events (10 events):
Event: 9.158 Thread 0x0000000009287800 nmethod 505 0x000000000290e110 code [0x000000000290e520, 0x000000000290fd10]
Event: 9.158 Thread 0x0000000009287800  509   !         com.google.appengine.tools.development.agent.runtime.RuntimeHelper::checkRestricted (178 bytes)
Event: 9.167 Thread 0x0000000009286000 nmethod 508 0x0000000002909c90 code [0x0000000002909f20, 0x000000000290ac08]
Event: 9.170 Thread 0x0000000009287800 nmethod 509 0x00000000029049d0 code [0x0000000002904c20, 0x0000000002905708]
Event: 9.180 Thread 0x0000000009286000  510             java.util.LinkedHashMap::access$100 (5 bytes)
Event: 9.180 Thread 0x0000000009286000 nmethod 510 0x0000000002907c90 code [0x0000000002907dc0, 0x0000000002907e38]
Event: 9.236 Thread 0x0000000009287800   18 % !         sun.nio.cs.ISO_8859_1$Encoder::encodeArrayLoop @ 129 (356 bytes)
Event: 9.243 Thread 0x0000000009286000  511             java.lang.Integer::parseInt (261 bytes)
Event: 9.253 Thread 0x0000000009287800 nmethod 18% 0x000000000290bcd0 code [0x000000000290bf60, 0x000000000290ceb0]
Event: 9.257 Thread 0x0000000009286000 nmethod 511 0x00000000029148d0 code [0x0000000002914ae0, 0x0000000002915740]

GC Heap History (10 events):
Event: 7.053 GC heap before
{Heap before GC invocations=6 (full 0):
 PSYoungGen      total 70976K, used 70909K [0x00000000f5560000, 0x00000000fe580000, 0x0000000100000000)
  eden space 65536K, 99% used [0x00000000f5560000,0x00000000f95574b8,0x00000000f9560000)
  from space 5440K, 99% used [0x00000000f9560000,0x00000000f9aa8268,0x00000000f9ab0000)
  to   space 8256K, 0% used [0x00000000fdd70000,0x00000000fdd70000,0x00000000fe580000)
 ParOldGen       total 87424K, used 4250K [0x00000000e0000000, 0x00000000e5560000, 0x00000000f5560000)
  object space 87424K, 4% used [0x00000000e0000000,0x00000000e0426868,0x00000000e5560000)
 PSPermGen       total 21248K, used 20476K [0x00000000dae00000, 0x00000000dc2c0000, 0x00000000e0000000)
  object space 21248K, 96% used [0x00000000dae00000,0x00000000dc1ff2a8,0x00000000dc2c0000)
Event: 7.067 GC heap after
Heap after GC invocations=6 (full 0):
 PSYoungGen      total 138816K, used 5460K [0x00000000f5560000, 0x00000000fe500000, 0x0000000100000000)
  eden space 131072K, 0% used [0x00000000f5560000,0x00000000f5560000,0x00000000fd560000)
  from space 7744K, 70% used [0x00000000fdd70000,0x00000000fe2c50e0,0x00000000fe500000)
  to   space 8000K, 0% used [0x00000000fd560000,0x00000000fd560000,0x00000000fdd30000)
 ParOldGen       total 87424K, used 4250K [0x00000000e0000000, 0x00000000e5560000, 0x00000000f5560000)
  object space 87424K, 4% used [0x00000000e0000000,0x00000000e0426868,0x00000000e5560000)
 PSPermGen       total 21248K, used 20476K [0x00000000dae00000, 0x00000000dc2c0000, 0x00000000e0000000)
  object space 21248K, 96% used [0x00000000dae00000,0x00000000dc1ff2a8,0x00000000dc2c0000)
}
Event: 7.146 GC heap before
{Heap before GC invocations=7 (full 0):
 PSYoungGen      total 138816K, used 136532K [0x00000000f5560000, 0x00000000fe500000, 0x0000000100000000)
  eden space 131072K, 100% used [0x00000000f5560000,0x00000000fd560000,0x00000000fd560000)
  from space 7744K, 70% used [0x00000000fdd70000,0x00000000fe2c50e0,0x00000000fe500000)
  to   space 8000K, 0% used [0x00000000fd560000,0x00000000fd560000,0x00000000fdd30000)
 ParOldGen       total 87424K, used 4250K [0x00000000e0000000, 0x00000000e5560000, 0x00000000f5560000)
  object space 87424K, 4% used [0x00000000e0000000,0x00000000e0426868,0x00000000e5560000)
 PSPermGen       total 21248K, used 20476K [0x00000000dae00000, 0x00000000dc2c0000, 0x00000000e0000000)
  object space 21248K, 96% used [0x00000000dae00000,0x00000000dc1ff350,0x00000000dc2c0000)
Event: 7.163 GC heap after
Heap after GC invocations=7 (full 0):
 PSYoungGen      total 139072K, used 3199K [0x00000000f5560000, 0x0000000100000000, 0x0000000100000000)
  eden space 131072K, 0% used [0x00000000f5560000,0x00000000f5560000,0x00000000fd560000)
  from space 8000K, 39% used [0x00000000fd560000,0x00000000fd87fd20,0x00000000fdd30000)
  to   space 8320K, 0% used [0x00000000ff7e0000,0x00000000ff7e0000,0x0000000100000000)
 ParOldGen       total 87424K, used 6647K [0x00000000e0000000, 0x00000000e5560000, 0x00000000f5560000)
  object space 87424K, 7% used [0x00000000e0000000,0x00000000e067dd48,0x00000000e5560000)
 PSPermGen       total 21248K, used 20476K [0x00000000dae00000, 0x00000000dc2c0000, 0x00000000e0000000)
  object space 21248K, 96% used [0x00000000dae00000,0x00000000dc1ff350,0x00000000dc2c0000)
}
Event: 7.229 GC heap before
{Heap before GC invocations=8 (full 0):
 PSYoungGen      total 139072K, used 134162K [0x00000000f5560000, 0x0000000100000000, 0x0000000100000000)
  eden space 131072K, 99% used [0x00000000f5560000,0x00000000fd544d00,0x00000000fd560000)
  from space 8000K, 39% used [0x00000000fd560000,0x00000000fd87fd20,0x00000000fdd30000)
  to   space 8320K, 0% used [0x00000000ff7e0000,0x00000000ff7e0000,0x0000000100000000)
 ParOldGen       total 87424K, used 6647K [0x00000000e0000000, 0x00000000e5560000, 0x00000000f5560000)
  object space 87424K, 7% used [0x00000000e0000000,0x00000000e067dd48,0x00000000e5560000)
 PSPermGen       total 21248K, used 20478K [0x00000000dae00000, 0x00000000dc2c0000, 0x00000000e0000000)
  object space 21248K, 96% used [0x00000000dae00000,0x00000000dc1ffa40,0x00000000dc2c0000)
Event: 7.235 GC heap after
Heap after GC invocations=8 (full 0):
 PSYoungGen      total 164992K, used 180K [0x00000000f5560000, 0x0000000100000000, 0x0000000100000000)
  eden space 156672K, 0% used [0x00000000f5560000,0x00000000f5560000,0x00000000fee60000)
  from space 8320K, 2% used [0x00000000ff7e0000,0x00000000ff80d3c8,0x0000000100000000)
  to   space 9024K, 0% used [0x00000000fee60000,0x00000000fee60000,0x00000000ff730000)
 ParOldGen       total 87424K, used 9644K [0x00000000e0000000, 0x00000000e5560000, 0x00000000f5560000)
  object space 87424K, 11% used [0x00000000e0000000,0x00000000e096b130,0x00000000e5560000)
 PSPermGen       total 21248K, used 20478K [0x00000000dae00000, 0x00000000dc2c0000, 0x00000000e0000000)
  object space 21248K, 96% used [0x00000000dae00000,0x00000000dc1ffa40,0x00000000dc2c0000)
}
Event: 7.318 GC heap before
{Heap before GC invocations=9 (full 0):
 PSYoungGen      total 164992K, used 156624K [0x00000000f5560000, 0x0000000100000000, 0x0000000100000000)
  eden space 156672K, 99% used [0x00000000f5560000,0x00000000fee26e90,0x00000000fee60000)
  from space 8320K, 2% used [0x00000000ff7e0000,0x00000000ff80d3c8,0x0000000100000000)
  to   space 9024K, 0% used [0x00000000fee60000,0x00000000fee60000,0x00000000ff730000)
 ParOldGen       total 87424K, used 9644K [0x00000000e0000000, 0x00000000e5560000, 0x00000000f5560000)
  object space 87424K, 11% used [0x00000000e0000000,0x00000000e096b130,0x00000000e5560000)
 PSPermGen       total 21248K, used 20478K [0x00000000dae00000, 0x00000000dc2c0000, 0x00000000e0000000)
  object space 21248K, 96% used [0x00000000dae00000,0x00000000dc1ffa40,0x00000000dc2c0000)
Event: 7.319 GC heap after
Heap after GC invocations=9 (full 0):
 PSYoungGen      total 156992K, used 308K [0x00000000f5560000, 0x0000000100000000, 0x0000000100000000)
  eden space 156672K, 0% used [0x00000000f5560000,0x00000000f5560000,0x00000000fee60000)
  from space 320K, 96% used [0x00000000fee60000,0x00000000feead080,0x00000000feeb0000)
  to   space 9408K, 0% used [0x00000000ff6d0000,0x00000000ff6d0000,0x0000000100000000)
 ParOldGen       total 87424K, used 9651K [0x00000000e0000000, 0x00000000e5560000, 0x00000000f5560000)
  object space 87424K, 11% used [0x00000000e0000000,0x00000000e096ce48,0x00000000e5560000)
 PSPermGen       total 21248K, used 20478K [0x00000000dae00000, 0x00000000dc2c0000, 0x00000000e0000000)
  object space 21248K, 96% used [0x00000000dae00000,0x00000000dc1ffa40,0x00000000dc2c0000)
}
Event: 7.405 GC heap before
{Heap before GC invocations=10 (full 0):
 PSYoungGen      total 156992K, used 156980K [0x00000000f5560000, 0x0000000100000000, 0x0000000100000000)
  eden space 156672K, 100% used [0x00000000f5560000,0x00000000fee60000,0x00000000fee60000)
  from space 320K, 96% used [0x00000000fee60000,0x00000000feead080,0x00000000feeb0000)
  to   space 9408K, 0% used [0x00000000ff6d0000,0x00000000ff6d0000,0x0000000100000000)
 ParOldGen       total 87424K, used 9651K [0x00000000e0000000, 0x00000000e5560000, 0x00000000f5560000)
  object space 87424K, 11% used [0x00000000e0000000,0x00000000e096ce48,0x00000000e5560000)
 PSPermGen       total 21248K, used 20478K [0x00000000dae00000, 0x00000000dc2c0000, 0x00000000e0000000)
  object space 21248K, 96% used [0x00000000dae00000,0x00000000dc1ffa40,0x00000000dc2c0000)
Event: 7.406 GC heap after
Heap after GC invocations=10 (full 0):
 PSYoungGen      total 164928K, used 345K [0x00000000f5560000, 0x0000000100000000, 0x0000000100000000)
  eden space 155520K, 0% used [0x00000000f5560000,0x00000000f5560000,0x00000000fed40000)
  from space 9408K, 3% used [0x00000000ff6d0000,0x00000000ff726520,0x0000000100000000)
  to   space 9600K, 0% used [0x00000000fed40000,0x00000000fed40000,0x00000000ff6a0000)
 ParOldGen       total 87424K, used 9651K [0x00000000e0000000, 0x00000000e5560000, 0x00000000f5560000)
  object space 87424K, 11% used [0x00000000e0000000,0x00000000e096ce48,0x00000000e5560000)
 PSPermGen       total 21248K, used 20478K [0x00000000dae00000, 0x00000000dc2c0000, 0x00000000e0000000)
  object space 21248K, 96% used [0x00000000dae00000,0x00000000dc1ffa40,0x00000000dc2c0000)
}

Deoptimization events (10 events):
Event: 5.284 Thread 0x000000000abc0800 Uncommon trap -34 fr.pc 0x00000000027fa9f4
Event: 5.284 Thread 0x000000000abc0800 Uncommon trap -34 fr.pc 0x00000000027fa9f4
Event: 6.949 Thread 0x0000000009b16000 Uncommon trap -83 fr.pc 0x0000000002837e34
Event: 7.841 Thread 0x0000000009b16000 Uncommon trap 370 fr.pc 0x00000000028115f8
Event: 7.898 Thread 0x0000000009b16000 Uncommon trap -83 fr.pc 0x0000000002887468
Event: 7.899 Thread 0x0000000009b16000 Uncommon trap -83 fr.pc 0x000000000288b778
Event: 9.073 Thread 0x0000000009b16000 Uncommon trap -25 fr.pc 0x00000000028d1dcc
Event: 9.084 Thread 0x0000000009b16000 Uncommon trap -83 fr.pc 0x00000000028ffdcc
Event: 9.239 Thread 0x0000000009b16000 Uncommon trap -34 fr.pc 0x0000000002817360
Event: 9.239 Thread 0x0000000009b16000 Uncommon trap 45 fr.pc 0x000000000274b888

Internal exceptions (10 events):
Event: 7.910 Thread 0x0000000009b16000 Threw 0x00000000fab32df8 at C:\jdk7u2_64p\jdk7u13\hotspot\src\share\vm\prims\jvm.cpp:1166
Event: 7.910 Thread 0x0000000009b16000 Threw 0x00000000fab373f0 at C:\jdk7u2_64p\jdk7u13\hotspot\src\share\vm\prims\jvm.cpp:1166
Event: 8.178 Thread 0x000000000abc0800 Threw 0x00000000fbdc5b10 at C:\jdk7u2_64p\jdk7u13\hotspot\src\share\vm\prims\jni.cpp:1631
Event: 8.180 Thread 0x000000000abc0800 Threw 0x00000000fbde3328 at C:\jdk7u2_64p\jdk7u13\hotspot\src\share\vm\prims\jni.cpp:1631
Event: 8.185 Thread 0x000000000abc0800 Threw 0x00000000fbe30d98 at C:\jdk7u2_64p\jdk7u13\hotspot\src\share\vm\prims\jni.cpp:1631
Event: 9.069 Thread 0x0000000009b16000 Threw 0x00000000fde72068 at C:\jdk7u2_64p\jdk7u13\hotspot\src\share\vm\prims\jvm.cpp:1166
Event: 9.071 Thread 0x0000000009b16000 Threw 0x00000000fde86030 at C:\jdk7u2_64p\jdk7u13\hotspot\src\share\vm\prims\jvm.cpp:1166
Event: 9.073 Thread 0x0000000009b16000 Threw 0x00000000fde99ad0 at C:\jdk7u2_64p\jdk7u13\hotspot\src\share\vm\interpreter\interpreterRuntime.cpp:347
Event: 9.074 Thread 0x0000000009b16000 Threw 0x00000000fde9eca8 at C:\jdk7u2_64p\jdk7u13\hotspot\src\share\vm\prims\jvm.cpp:1166
Event: 9.078 Thread 0x0000000009b16000 Threw 0x00000000fdeb7068 at C:\jdk7u2_64p\jdk7u13\hotspot\src\share\vm\prims\jvm.cpp:1166

Events (10 events):
Event: 10.750 Executing VM operation: RevokeBias done
Event: 11.312 Thread 0x000000000a2af000 Thread exited: 0x000000000a2af000
Event: 38.421 loading class 0x0000000009d66110
Event: 38.421 loading class 0x0000000009d66110 done
Event: 65.181 Thread 0x000000000ad41000 Thread exited: 0x000000000ad41000
Event: 69.070 Executing VM operation: RevokeBias
Event: 69.071 Executing VM operation: RevokeBias done
Event: 69.071 Thread 0x000000000abc0800 Thread exited: 0x000000000abc0800
Event: 120.228 Executing VM operation: RedefineClasses
Event: 120.233 Executing VM operation: RedefineClasses done


Dynamic libraries:
0x000000013f690000 - 0x000000013f6c3000 	C:\Program Files\Java\jdk1.7.0_13\bin\javaw.exe
0x0000000077830000 - 0x00000000779d9000 	C:\Windows\SYSTEM32\ntdll.dll
0x0000000077610000 - 0x000000007772f000 	C:\Windows\system32\kernel32.dll
0x000007fefc990000 - 0x000007fefc9fb000 	C:\Windows\system32\KERNELBASE.dll
0x000007fefe210000 - 0x000007fefe2eb000 	C:\Windows\system32\ADVAPI32.dll
0x000007fefdd60000 - 0x000007fefddff000 	C:\Windows\system32\msvcrt.dll
0x000007fefea00000 - 0x000007fefea1f000 	C:\Windows\SYSTEM32\sechost.dll
0x000007fefcc60000 - 0x000007fefcd8d000 	C:\Windows\system32\RPCRT4.dll
0x0000000077730000 - 0x000000007782a000 	C:\Windows\system32\USER32.dll
0x000007fefcf10000 - 0x000007fefcf77000 	C:\Windows\system32\GDI32.dll
0x000007fefee30000 - 0x000007fefee3e000 	C:\Windows\system32\LPK.dll
0x000007fefe500000 - 0x000007fefe5c9000 	C:\Windows\system32\USP10.dll
0x000007fefb260000 - 0x000007fefb454000 	C:\Windows\WinSxS\amd64_microsoft.windows.common-controls_6595b64144ccf1df_6.0.7601.17514_none_fa396087175ac9ac\COMCTL32.dll
0x000007fefecc0000 - 0x000007fefed31000 	C:\Windows\system32\SHLWAPI.dll
0x000007fefeb30000 - 0x000007fefeb5e000 	C:\Windows\system32\IMM32.DLL
0x000007fefea20000 - 0x000007fefeb29000 	C:\Windows\system32\MSCTF.dll
0x0000000060360000 - 0x0000000060431000 	C:\Program Files\Java\jdk1.7.0_13\jre\bin\msvcr100.dll
0x000000005fc40000 - 0x000000006035f000 	C:\Program Files\Java\jdk1.7.0_13\jre\bin\server\jvm.dll
0x000007fef9c10000 - 0x000007fef9c19000 	C:\Windows\system32\WSOCK32.dll
0x000007fefdd10000 - 0x000007fefdd5d000 	C:\Windows\system32\WS2_32.dll
0x000007fefee40000 - 0x000007fefee48000 	C:\Windows\system32\NSI.dll
0x000007fef90d0000 - 0x000007fef910b000 	C:\Windows\system32\WINMM.dll
0x0000000077a00000 - 0x0000000077a07000 	C:\Windows\system32\PSAPI.DLL
0x0000000075170000 - 0x000000007517f000 	C:\Program Files\Java\jdk1.7.0_13\jre\bin\verify.dll
0x0000000065ef0000 - 0x0000000065f18000 	C:\Program Files\Java\jdk1.7.0_13\jre\bin\java.dll
0x000000005d4a0000 - 0x000000005d4d5000 	C:\Program Files\Java\jdk1.7.0_13\jre\bin\jdwp.dll
0x000000006a6a0000 - 0x000000006a6a8000 	C:\Program Files\Java\jdk1.7.0_13\jre\bin\npt.dll
0x000000005d470000 - 0x000000005d493000 	C:\Program Files\Java\jdk1.7.0_13\jre\bin\instrument.dll
0x0000000072c50000 - 0x0000000072c65000 	C:\Program Files\Java\jdk1.7.0_13\jre\bin\zip.dll
0x0000000069970000 - 0x0000000069979000 	C:\Program Files\Java\jdk1.7.0_13\jre\bin\dt_socket.dll
0x000007fefa7a0000 - 0x000007fefa7b5000 	C:\Windows\system32\NLAapi.dll
0x000007fef2a60000 - 0x000007fef2a75000 	C:\Windows\system32\napinsp.dll
0x000007feee420000 - 0x000007feee439000 	C:\Windows\system32\pnrpnsp.dll
0x000007fefc180000 - 0x000007fefc1d5000 	C:\Windows\System32\mswsock.dll
0x000007fefbee0000 - 0x000007fefbf3b000 	C:\Windows\system32\DNSAPI.dll
0x000007feee410000 - 0x000007feee41b000 	C:\Windows\System32\winrnr.dll
0x000007fef8980000 - 0x000007fef89af000 	C:\Program Files\Common Files\Microsoft Shared\Windows Live\WLIDNSP.DLL
0x000007fefa3b0000 - 0x000007fefa3d7000 	C:\Windows\system32\IPHLPAPI.DLL
0x000007fefa390000 - 0x000007fefa39b000 	C:\Windows\system32\WINNSI.DLL
0x000007fefa1a0000 - 0x000007fefa1f3000 	C:\Windows\System32\fwpuclnt.dll
0x000007fef8970000 - 0x000007fef8978000 	C:\Windows\system32\rasadhlp.dll
0x000007fefb9f0000 - 0x000007fefb9f7000 	C:\Windows\System32\wshtcpip.dll
0x0000000070720000 - 0x0000000070739000 	C:\Program Files\Java\jdk1.7.0_13\jre\bin\net.dll
0x000007fefc170000 - 0x000007fefc177000 	C:\Windows\System32\wship6.dll
0x0000000070580000 - 0x0000000070591000 	C:\Program Files\Java\jdk1.7.0_13\jre\bin\nio.dll
0x0000000065710000 - 0x0000000065734000 	C:\Program Files\Java\jdk1.7.0_13\jre\bin\sunec.dll
0x000000006e7f0000 - 0x000000006e7fb000 	C:\Program Files\Java\jdk1.7.0_13\jre\bin\sunmscapi.dll
0x000007fefca00000 - 0x000007fefcb6c000 	C:\Windows\system32\CRYPT32.dll
0x000007fefc8d0000 - 0x000007fefc8df000 	C:\Windows\system32\MSASN1.dll
0x000007fefc050000 - 0x000007fefc067000 	C:\Windows\system32\CRYPTSP.dll
0x000007fefbdf0000 - 0x000007fefbe37000 	C:\Windows\system32\rsaenh.dll
0x000007fefbb20000 - 0x000007fefbb3e000 	C:\Windows\system32\USERENV.dll
0x000007fefc830000 - 0x000007fefc83f000 	C:\Windows\system32\profapi.dll
0x000007fefc760000 - 0x000007fefc76f000 	C:\Windows\system32\CRYPTBASE.dll
0x000007feee2e0000 - 0x000007feee405000 	C:\Windows\system32\dbghelp.dll

VM Arguments:
jvm_args: -agentlib:jdwp=transport=dt_socket,suspend=y,address=localhost:53747 -Ddatastore.default_high_rep_job_policy_unapplied_job_pct=50 -Xmx512m -javaagent:C:\dev\eclipse-cpp\plugins\com.google.appengine.eclipse.sdkbundle_1.7.5\appengine-java-sdk-1.7.5\lib\agent\appengine-agent.jar -Dfile.encoding=Cp1250 
java_command: com.google.appengine.tools.development.DevAppServerMain --port=8888 C:\dev\steam-ui\SteamUi\war
Launcher Type: SUN_STANDARD

Environment Variables:
PATH=C:\Program Files\Java\jdk1.7.0_13\jre\bin;C:\Program Files (x86)\NVIDIA Corporation\PhysX\Common;C:\MinGW\bin;C:\dev\uzebox\bin;C:\WinAVR-20100110\bin;C:\WinAVR-20100110\utils\bin;C:\Program Files\Common Files\Microsoft Shared\Windows Live;C:\Program Files (x86)\Common Files\Microsoft Shared\Windows Live;C:\Windows\system32;C:\Windows;C:\Windows\System32\Wbem;C:\Windows\System32\WindowsPowerShell\v1.0\;C:\Program Files (x86)\Windows Live\Shared;C:\Program Files (x86)\WinMerge;C:\Program Files (x86)\FastSum;C:\Program Files (x86)\Calibre2\;C:\Program Files (x86)\Mobile Action\Alcatel onetouch Manager;C:\Program Files (x86)\OpenVPN\bin
USERNAME=shiny
OS=Windows_NT
PROCESSOR_IDENTIFIER=Intel64 Family 6 Model 23 Stepping 6, GenuineIntel



---------------  S Y S T E M  ---------------

OS: Windows 7 , 64 bit Build 7601 Service Pack 1

CPU:total 2 (2 cores per cpu, 1 threads per core) family 6 model 23 stepping 6, cmov, cx8, fxsr, mmx, sse, sse2, sse3, ssse3, sse4.1, tsc

Memory: 4k page, physical 8387896k(4528672k free), swap 16705008k(11668716k free)

vm_info: Java HotSpot(TM) 64-Bit Server VM (23.7-b01) for windows-amd64 JRE (1.7.0_13-b20), built on Jan 30 2013 10:10:00 by "java_re" with unknown MS VC++:1600

time: Sun Oct 27 22:01:52 2013
elapsed time: 120 seconds

