#
# A fatal error has been detected by the Java Runtime Environment:
#
#  EXCEPTION_ACCESS_VIOLATION (0xc0000005) at pc=0x000000005fd5d68b, pid=1596, tid=8360
#
# JRE version: 7.0_13-b20
# Java VM: Java HotSpot(TM) 64-Bit Server VM (23.7-b01 mixed mode windows-amd64 compressed oops)
# Problematic frame:
# V  [jvm.dll+0x11d68b]
#
# Failed to write core dump. Minidumps are not enabled by default on client versions of Windows
#
# If you would like to submit a bug report, please visit:
#   http://bugreport.sun.com/bugreport/crash.jsp
#

---------------  T H R E A D  ---------------

Current thread (0x000000000763a800):  JavaThread "JDWP Transport Listener: dt_socket" daemon [_thread_in_vm, id=8360, stack(0x0000000008e40000,0x0000000008f40000)]

siginfo: ExceptionCode=0xc0000005, reading address 0xffffffffffffffff

Registers:
RAX=0x0000000008f3f301, RBX=0x000000000763a800, RCX=0x2a246f614462443b, RDX=0x000000000763a800
RSP=0x0000000008f3f2e0, RBP=0x2a246f614462443b, RSI=0x0000000008f3f3f8, RDI=0x00000000001b81f0
R8 =0x0000000008f3f3f8, R9 =0x010080f007ee0005, R10=0x0000000000000000, R11=0x000000000c6aaa0c
R12=0x0000000000000000, R13=0x0000000000000000, R14=0x0000000000000000, R15=0x0000000000000000
RIP=0x000000005fd5d68b, EFLAGS=0x0000000000010202

Top of Stack: (sp=0x0000000008f3f2e0)
0x0000000008f3f2e0:   000000000763a800 000000000763b050
0x0000000008f3f2f0:   0000000008f3f3a8 000000005fee3f99
0x0000000008f3f300:   000000000763a800 000000005feff962
0x0000000008f3f310:   0000000000000000 000000000763a800
0x0000000008f3f320:   0000000007646108 0000000060b5264e
0x0000000008f3f330:   000000000763a800 0000000000000000
0x0000000008f3f340:   0000000000000000 0000000000000000
0x0000000008f3f350:   2a246f614462443b 0000000060b51745
0x0000000008f3f360:   0000000008f3f3f8 0000000008f3f3d0
0x0000000008f3f370:   0000000000000001 0000000007646108
0x0000000008f3f380:   2a246f614462443b 0000000060b353b3
0x0000000008f3f390:   0000000008f3f4c0 0000000000000001
0x0000000008f3f3a0:   0000000000000001 0000000007646108
0x0000000008f3f3b0:   000000000000000a 0000000000000000
0x0000000008f3f3c0:   0000000000000000 0000000000000000
0x0000000008f3f3d0:   0000000000000001 0000000060b35571 

Instructions: (pc=0x000000005fd5d68b)
0x000000005fd5d66b:   48 8b 5c 24 30 48 89 47 18 48 83 c4 20 5f c3 cc
0x000000005fd5d67b:   cc cc cc cc cc 40 53 48 83 ec 20 48 85 c9 74 54
0x000000005fd5d68b:   48 8b 19 48 85 db 74 4c 48 b8 fe fe fe fe fe fe
0x000000005fd5d69b:   fe fe 48 3b d8 74 3d 80 3d 6f e6 58 00 00 74 15 


Register to memory mapping:

RAX=0x0000000008f3f301 is pointing into the stack for thread: 0x000000000763a800
RBX=0x000000000763a800 is a thread
RCX=0x2a246f614462443b is an unknown value
RDX=0x000000000763a800 is a thread
RSP=0x0000000008f3f2e0 is pointing into the stack for thread: 0x000000000763a800
RBP=0x2a246f614462443b is an unknown value
RSI=0x0000000008f3f3f8 is pointing into the stack for thread: 0x000000000763a800
RDI=0x00000000001b81f0 is an unknown value
R8 =0x0000000008f3f3f8 is pointing into the stack for thread: 0x000000000763a800
R9 =0x010080f007ee0005 is an unknown value
R10=0x0000000000000000 is an unknown value
R11=0x000000000c6aaa0c is an unknown value
R12=0x0000000000000000 is an unknown value
R13=0x0000000000000000 is an unknown value
R14=0x0000000000000000 is an unknown value
R15=0x0000000000000000 is an unknown value


Stack: [0x0000000008e40000,0x0000000008f40000],  sp=0x0000000008f3f2e0,  free space=1020k
Native frames: (J=compiled Java code, j=interpreted, Vv=VM code, C=native code)
V  [jvm.dll+0x11d68b]


---------------  P R O C E S S  ---------------

Java Threads: ( => current thread )
  0x000000000ae25800 JavaThread "941680658@qtp-161317831-7" [_thread_blocked, id=7372, stack(0x000000000a790000,0x000000000a890000)]
  0x000000000a48c800 JavaThread "Thread-7" daemon [_thread_blocked, id=8188, stack(0x00000000084d0000,0x00000000085d0000)]
  0x000000000a0d8000 JavaThread "Thread-6" daemon [_thread_blocked, id=7620, stack(0x000000000bb60000,0x000000000bc60000)]
  0x000000000d224000 JavaThread "Timer-0" daemon [_thread_blocked, id=8572, stack(0x000000000e170000,0x000000000e270000)]
  0x000000000a310800 JavaThread "961961719@qtp-161317831-1 - Acceptor0 SelectChannelConnector@127.0.0.1:8888" [_thread_in_native, id=8568, stack(0x0000000009be0000,0x0000000009ce0000)]
  0x0000000009594800 JavaThread "Service Thread" daemon [_thread_blocked, id=8472, stack(0x0000000009a70000,0x0000000009b70000)]
  0x000000000958d800 JavaThread "C2 CompilerThread1" daemon [_thread_blocked, id=8424, stack(0x0000000009910000,0x0000000009a10000)]
  0x000000000958c800 JavaThread "C2 CompilerThread0" daemon [_thread_blocked, id=8380, stack(0x0000000008fb0000,0x00000000090b0000)]
  0x0000000007651800 JavaThread "JDWP Command Reader" daemon [_thread_in_native, id=1004, stack(0x0000000009390000,0x0000000009490000)]
  0x0000000007642800 JavaThread "JDWP Event Helper Thread" daemon [_thread_blocked, id=8348, stack(0x0000000009250000,0x0000000009350000)]
=>0x000000000763a800 JavaThread "JDWP Transport Listener: dt_socket" daemon [_thread_in_vm, id=8360, stack(0x0000000008e40000,0x0000000008f40000)]
  0x000000000762a000 JavaThread "Attach Listener" daemon [_thread_blocked, id=6432, stack(0x00000000085f0000,0x00000000086f0000)]
  0x0000000007628800 JavaThread "Signal Dispatcher" daemon [_thread_blocked, id=7304, stack(0x00000000080b0000,0x00000000081b0000)]
  0x00000000075a3000 JavaThread "Finalizer" daemon [_thread_blocked, id=7868, stack(0x00000000083b0000,0x00000000084b0000)]
  0x000000000759a000 JavaThread "Reference Handler" daemon [_thread_blocked, id=6492, stack(0x0000000008240000,0x0000000008340000)]
  0x00000000001bf000 JavaThread "main" [_thread_blocked, id=4928, stack(0x00000000026d0000,0x00000000027d0000)]

Other Threads:
  0x0000000007592800 VMThread [stack: 0x0000000007f70000,0x0000000008070000] [id=1336]
  0x000000000958b000 WatcherThread [stack: 0x0000000009cf0000,0x0000000009df0000] [id=1840]

VM state:not at safepoint (normal execution)

VM Mutex/Monitor currently owned by a thread: None

Heap
 PSYoungGen      total 155712K, used 80927K [0x00000000f5560000, 0x0000000100000000, 0x0000000100000000)
  eden space 155520K, 51% used [0x00000000f5560000,0x00000000fa43ad80,0x00000000fed40000)
  from space 192K, 93% used [0x00000000fed40000,0x00000000fed6cfa8,0x00000000fed70000)
  to   space 9728K, 0% used [0x00000000ff680000,0x00000000ff680000,0x0000000100000000)
 ParOldGen       total 87424K, used 10441K [0x00000000e0000000, 0x00000000e5560000, 0x00000000f5560000)
  object space 87424K, 11% used [0x00000000e0000000,0x00000000e0a32540,0x00000000e5560000)
 PSPermGen       total 26816K, used 26635K [0x00000000dae00000, 0x00000000dc830000, 0x00000000e0000000)
  object space 26816K, 99% used [0x00000000dae00000,0x00000000dc802d90,0x00000000dc830000)

Card table byte_map: [0x00000000057d0000,0x0000000005900000] byte_map_base: 0x00000000050f9000

Polling page: 0x0000000000120000

Code Cache  [0x00000000027d0000, 0x0000000002a40000, 0x00000000057d0000)
 total_blobs=775 nmethods=433 adapters=301 free_code_cache=47100Kb largest_free_block=48166912

Compilation events (10 events):
Event: 556.721 Thread 0x000000000958c800  441   !         org.mortbay.util.URIUtil::encodePath (480 bytes)
Event: 556.729 Thread 0x000000000958c800 nmethod 441 0x00000000029cdcd0 code [0x00000000029ce480, 0x00000000029ce898]
Event: 571.793 Thread 0x000000000958d800  442             org.mortbay.jetty.HttpFields$Field::reset (204 bytes)
Event: 571.807 Thread 0x000000000958d800 nmethod 442 0x00000000029bcbd0 code [0x00000000029bcd80, 0x00000000029bd428]
Event: 571.912 Thread 0x000000000958c800  443             org.mortbay.io.AbstractBuffer::setPutIndex (11 bytes)
Event: 571.912 Thread 0x000000000958c800 nmethod 443 0x00000000029bc9d0 code [0x00000000029bcb00, 0x00000000029bcb58]
Event: 574.907 Thread 0x000000000958c800  444             java.util.HashMap$HashIterator::<init> (63 bytes)
Event: 574.910 Thread 0x000000000958c800 nmethod 444 0x00000000029cbe90 code [0x00000000029cbfe0, 0x00000000029cc238]
Event: 623.758 Thread 0x000000000958d800  445             com.google.appengine.tools.development.DevAppServerFactory$CustomSecurityManager::checkPermission (30 bytes)
Event: 623.839 Thread 0x000000000958d800 nmethod 445 0x00000000029d6cd0 code [0x00000000029d7180, 0x00000000029dc120]

GC Heap History (10 events):
Event: 14.322 GC heap before
{Heap before GC invocations=7 (full 0):
 PSYoungGen      total 166336K, used 163069K [0x00000000f5560000, 0x0000000100000000, 0x0000000100000000)
  eden space 157632K, 99% used [0x00000000f5560000,0x00000000fef39538,0x00000000fef50000)
  from space 8704K, 63% used [0x00000000ff780000,0x00000000ffce6270,0x0000000100000000)
  to   space 8384K, 0% used [0x00000000fef50000,0x00000000fef50000,0x00000000ff780000)
 ParOldGen       total 87424K, used 4301K [0x00000000e0000000, 0x00000000e5560000, 0x00000000f5560000)
  object space 87424K, 4% used [0x00000000e0000000,0x00000000e04335a0,0x00000000e5560000)
 PSPermGen       total 21248K, used 20483K [0x00000000dae00000, 0x00000000dc2c0000, 0x00000000e0000000)
  object space 21248K, 96% used [0x00000000dae00000,0x00000000dc200ea8,0x00000000dc2c0000)
Event: 14.335 GC heap after
Heap after GC invocations=7 (full 0):
 PSYoungGen      total 166016K, used 3528K [0x00000000f5560000, 0x0000000100000000, 0x0000000100000000)
  eden space 157632K, 0% used [0x00000000f5560000,0x00000000f5560000,0x00000000fef50000)
  from space 8384K, 42% used [0x00000000fef50000,0x00000000ff2c2078,0x00000000ff780000)
  to   space 8576K, 0% used [0x00000000ff7a0000,0x00000000ff7a0000,0x0000000100000000)
 ParOldGen       total 87424K, used 6492K [0x00000000e0000000, 0x00000000e5560000, 0x00000000f5560000)
  object space 87424K, 7% used [0x00000000e0000000,0x00000000e0657208,0x00000000e5560000)
 PSPermGen       total 21248K, used 20483K [0x00000000dae00000, 0x00000000dc2c0000, 0x00000000e0000000)
  object space 21248K, 96% used [0x00000000dae00000,0x00000000dc200ea8,0x00000000dc2c0000)
}
Event: 14.414 GC heap before
{Heap before GC invocations=8 (full 0):
 PSYoungGen      total 166016K, used 160885K [0x00000000f5560000, 0x0000000100000000, 0x0000000100000000)
  eden space 157632K, 99% used [0x00000000f5560000,0x00000000fef0b6c8,0x00000000fef50000)
  from space 8384K, 42% used [0x00000000fef50000,0x00000000ff2c2078,0x00000000ff780000)
  to   space 8576K, 0% used [0x00000000ff7a0000,0x00000000ff7a0000,0x0000000100000000)
 ParOldGen       total 87424K, used 6492K [0x00000000e0000000, 0x00000000e5560000, 0x00000000f5560000)
  object space 87424K, 7% used [0x00000000e0000000,0x00000000e0657208,0x00000000e5560000)
 PSPermGen       total 21248K, used 20483K [0x00000000dae00000, 0x00000000dc2c0000, 0x00000000e0000000)
  object space 21248K, 96% used [0x00000000dae00000,0x00000000dc200ea8,0x00000000dc2c0000)
Event: 14.421 GC heap after
Heap after GC invocations=8 (full 0):
 PSYoungGen      total 164736K, used 330K [0x00000000f5560000, 0x0000000100000000, 0x0000000100000000)
  eden space 156160K, 0% used [0x00000000f5560000,0x00000000f5560000,0x00000000fede0000)
  from space 8576K, 3% used [0x00000000ff7a0000,0x00000000ff7f2940,0x0000000100000000)
  to   space 9280K, 0% used [0x00000000fede0000,0x00000000fede0000,0x00000000ff6f0000)
 ParOldGen       total 87424K, used 9642K [0x00000000e0000000, 0x00000000e5560000, 0x00000000f5560000)
  object space 87424K, 11% used [0x00000000e0000000,0x00000000e096aa08,0x00000000e5560000)
 PSPermGen       total 21248K, used 20483K [0x00000000dae00000, 0x00000000dc2c0000, 0x00000000e0000000)
  object space 21248K, 96% used [0x00000000dae00000,0x00000000dc200ea8,0x00000000dc2c0000)
}
Event: 14.896 GC heap before
{Heap before GC invocations=9 (full 0):
 PSYoungGen      total 164736K, used 156490K [0x00000000f5560000, 0x0000000100000000, 0x0000000100000000)
  eden space 156160K, 100% used [0x00000000f5560000,0x00000000fede0000,0x00000000fede0000)
  from space 8576K, 3% used [0x00000000ff7a0000,0x00000000ff7f2940,0x0000000100000000)
  to   space 9280K, 0% used [0x00000000fede0000,0x00000000fede0000,0x00000000ff6f0000)
 ParOldGen       total 87424K, used 9642K [0x00000000e0000000, 0x00000000e5560000, 0x00000000f5560000)
  object space 87424K, 11% used [0x00000000e0000000,0x00000000e096aa08,0x00000000e5560000)
 PSPermGen       total 21248K, used 21138K [0x00000000dae00000, 0x00000000dc2c0000, 0x00000000e0000000)
  object space 21248K, 99% used [0x00000000dae00000,0x00000000dc2a4b58,0x00000000dc2c0000)
Event: 14.903 GC heap after
Heap after GC invocations=9 (full 0):
 PSYoungGen      total 157056K, used 836K [0x00000000f5560000, 0x0000000100000000, 0x0000000100000000)
  eden space 156160K, 0% used [0x00000000f5560000,0x00000000f5560000,0x00000000fede0000)
  from space 896K, 93% used [0x00000000fede0000,0x00000000feeb10d8,0x00000000feec0000)
  to   space 9536K, 0% used [0x00000000ff6b0000,0x00000000ff6b0000,0x0000000100000000)
 ParOldGen       total 87424K, used 9642K [0x00000000e0000000, 0x00000000e5560000, 0x00000000f5560000)
  object space 87424K, 11% used [0x00000000e0000000,0x00000000e096aa08,0x00000000e5560000)
 PSPermGen       total 21248K, used 21138K [0x00000000dae00000, 0x00000000dc2c0000, 0x00000000e0000000)
  object space 21248K, 99% used [0x00000000dae00000,0x00000000dc2a4b58,0x00000000dc2c0000)
}
Event: 15.958 GC heap before
{Heap before GC invocations=10 (full 0):
 PSYoungGen      total 157056K, used 156896K [0x00000000f5560000, 0x0000000100000000, 0x0000000100000000)
  eden space 156160K, 99% used [0x00000000f5560000,0x00000000fedc7300,0x00000000fede0000)
  from space 896K, 93% used [0x00000000fede0000,0x00000000feeb10d8,0x00000000feec0000)
  to   space 9536K, 0% used [0x00000000ff6b0000,0x00000000ff6b0000,0x0000000100000000)
 ParOldGen       total 87424K, used 9642K [0x00000000e0000000, 0x00000000e5560000, 0x00000000f5560000)
  object space 87424K, 11% used [0x00000000e0000000,0x00000000e096aa08,0x00000000e5560000)
 PSPermGen       total 23360K, used 23337K [0x00000000dae00000, 0x00000000dc4d0000, 0x00000000e0000000)
  object space 23360K, 99% used [0x00000000dae00000,0x00000000dc4ca4a0,0x00000000dc4d0000)
Event: 15.961 GC heap after
Heap after GC invocations=10 (full 0):
 PSYoungGen      total 165056K, used 1164K [0x00000000f5560000, 0x0000000100000000, 0x0000000100000000)
  eden space 155520K, 0% used [0x00000000f5560000,0x00000000f5560000,0x00000000fed40000)
  from space 9536K, 12% used [0x00000000ff6b0000,0x00000000ff7d3090,0x0000000100000000)
  to   space 9600K, 0% used [0x00000000fed40000,0x00000000fed40000,0x00000000ff6a0000)
 ParOldGen       total 87424K, used 9642K [0x00000000e0000000, 0x00000000e5560000, 0x00000000f5560000)
  object space 87424K, 11% used [0x00000000e0000000,0x00000000e096aa08,0x00000000e5560000)
 PSPermGen       total 23360K, used 23337K [0x00000000dae00000, 0x00000000dc4d0000, 0x00000000e0000000)
  object space 23360K, 99% used [0x00000000dae00000,0x00000000dc4ca4a0,0x00000000dc4d0000)
}
Event: 16.039 GC heap before
{Heap before GC invocations=11 (full 0):
 PSYoungGen      total 165056K, used 156555K [0x00000000f5560000, 0x0000000100000000, 0x0000000100000000)
  eden space 155520K, 99% used [0x00000000f5560000,0x00000000fed1fbb8,0x00000000fed40000)
  from space 9536K, 12% used [0x00000000ff6b0000,0x00000000ff7d3090,0x0000000100000000)
  to   space 9600K, 0% used [0x00000000fed40000,0x00000000fed40000,0x00000000ff6a0000)
 ParOldGen       total 87424K, used 9642K [0x00000000e0000000, 0x00000000e5560000, 0x00000000f5560000)
  object space 87424K, 11% used [0x00000000e0000000,0x00000000e096aa08,0x00000000e5560000)
 PSPermGen       total 23360K, used 23337K [0x00000000dae00000, 0x00000000dc4d0000, 0x00000000e0000000)
  object space 23360K, 99% used [0x00000000dae00000,0x00000000dc4ca4a0,0x00000000dc4d0000)
Event: 16.041 GC heap after
Heap after GC invocations=11 (full 0):
 PSYoungGen      total 155712K, used 179K [0x00000000f5560000, 0x0000000100000000, 0x0000000100000000)
  eden space 155520K, 0% used [0x00000000f5560000,0x00000000f5560000,0x00000000fed40000)
  from space 192K, 93% used [0x00000000fed40000,0x00000000fed6cfa8,0x00000000fed70000)
  to   space 9728K, 0% used [0x00000000ff680000,0x00000000ff680000,0x0000000100000000)
 ParOldGen       total 87424K, used 10441K [0x00000000e0000000, 0x00000000e5560000, 0x00000000f5560000)
  object space 87424K, 11% used [0x00000000e0000000,0x00000000e0a32540,0x00000000e5560000)
 PSPermGen       total 23360K, used 23337K [0x00000000dae00000, 0x00000000dc4d0000, 0x00000000e0000000)
  object space 23360K, 99% used [0x00000000dae00000,0x00000000dc4ca4a0,0x00000000dc4d0000)
}

Deoptimization events (10 events):
Event: 16.572 Thread 0x000000000a503800 Uncommon trap 45 fr.pc 0x000000000283f908
Event: 24.106 Thread 0x000000000ae25800 Uncommon trap -58 fr.pc 0x00000000028c6430
Event: 24.195 Thread 0x000000000ae25800 Uncommon trap -83 fr.pc 0x000000000296c670
Event: 24.204 Thread 0x000000000ae25800 Uncommon trap -83 fr.pc 0x00000000028a7fa8
Event: 24.239 Thread 0x000000000ae25800 Uncommon trap -34 fr.pc 0x00000000028371d4
Event: 24.264 Thread 0x000000000ae25800 Uncommon trap -25 fr.pc 0x00000000028e680c
Event: 24.265 Thread 0x000000000ae25800 Uncommon trap -25 fr.pc 0x00000000028e680c
Event: 24.267 Thread 0x000000000ae25800 Uncommon trap -25 fr.pc 0x00000000028e680c
Event: 24.267 Thread 0x000000000ae25800 Uncommon trap -25 fr.pc 0x00000000028e680c
Event: 24.267 Thread 0x000000000ae25800 Uncommon trap -25 fr.pc 0x00000000028e680c

Internal exceptions (10 events):
Event: 24.269 Thread 0x000000000ae25800 Threw 0x00000000f8ec8688 at C:\jdk7u2_64p\jdk7u13\hotspot\src\share\vm\classfile\systemDictionary.cpp:179
Event: 24.278 Thread 0x000000000ae25800 Threw 0x00000000f8f527d8 at C:\jdk7u2_64p\jdk7u13\hotspot\src\share\vm\prims\jvm.cpp:1166
Event: 24.278 Thread 0x000000000ae25800 Threw 0x00000000f8f55a20 at C:\jdk7u2_64p\jdk7u13\hotspot\src\share\vm\prims\jvm.cpp:1166
Event: 24.279 Thread 0x000000000ae25800 Threw 0x00000000f8f5c060 at C:\jdk7u2_64p\jdk7u13\hotspot\src\share\vm\prims\jvm.cpp:1166
Event: 24.279 Thread 0x000000000ae25800 Threw 0x00000000f8f5c440 at C:\jdk7u2_64p\jdk7u13\hotspot\src\share\vm\classfile\systemDictionary.cpp:179
Event: 24.279 Thread 0x000000000ae25800 Threw 0x00000000f8f5fdc8 at C:\jdk7u2_64p\jdk7u13\hotspot\src\share\vm\prims\jvm.cpp:1166
Event: 24.279 Thread 0x000000000ae25800 Threw 0x00000000f8f630b8 at C:\jdk7u2_64p\jdk7u13\hotspot\src\share\vm\prims\jvm.cpp:1166
Event: 24.280 Thread 0x000000000ae25800 Threw 0x00000000f8f69830 at C:\jdk7u2_64p\jdk7u13\hotspot\src\share\vm\prims\jvm.cpp:1166
Event: 24.280 Thread 0x000000000ae25800 Threw 0x00000000f8f69c18 at C:\jdk7u2_64p\jdk7u13\hotspot\src\share\vm\classfile\systemDictionary.cpp:179
Event: 45.354 Thread 0x000000000a0d8000 Threw 0x00000000f903ffd8 at C:\jdk7u2_64p\jdk7u13\hotspot\src\share\vm\prims\jni.cpp:1631

Events (10 events):
Event: 521.786 loading class 0x000000000752c050 done
Event: 538.743 Thread 0x000000000c210800 Thread exited: 0x000000000c210800
Event: 538.917 Thread 0x000000000c210800 Thread added: 0x000000000c210800
Event: 616.584 Thread 0x000000000c210800 Thread exited: 0x000000000c210800
Event: 631.182 Executing VM operation: ChangeBreakpoints
Event: 631.183 Executing VM operation: ChangeBreakpoints done
Event: 635.769 Executing VM operation: ChangeBreakpoints
Event: 635.769 Executing VM operation: ChangeBreakpoints done
Event: 687.127 Executing VM operation: RedefineClasses
Event: 687.132 Executing VM operation: RedefineClasses done


Dynamic libraries:
0x000000013f690000 - 0x000000013f6c3000 	C:\Program Files\Java\jdk1.7.0_13\bin\javaw.exe
0x0000000077830000 - 0x00000000779d9000 	C:\Windows\SYSTEM32\ntdll.dll
0x0000000077610000 - 0x000000007772f000 	C:\Windows\system32\kernel32.dll
0x000007fefc990000 - 0x000007fefc9fb000 	C:\Windows\system32\KERNELBASE.dll
0x000007fefe210000 - 0x000007fefe2eb000 	C:\Windows\system32\ADVAPI32.dll
0x000007fefdd60000 - 0x000007fefddff000 	C:\Windows\system32\msvcrt.dll
0x000007fefea00000 - 0x000007fefea1f000 	C:\Windows\SYSTEM32\sechost.dll
0x000007fefcc60000 - 0x000007fefcd8d000 	C:\Windows\system32\RPCRT4.dll
0x0000000077730000 - 0x000000007782a000 	C:\Windows\system32\USER32.dll
0x000007fefcf10000 - 0x000007fefcf77000 	C:\Windows\system32\GDI32.dll
0x000007fefee30000 - 0x000007fefee3e000 	C:\Windows\system32\LPK.dll
0x000007fefe500000 - 0x000007fefe5c9000 	C:\Windows\system32\USP10.dll
0x000007fefb260000 - 0x000007fefb454000 	C:\Windows\WinSxS\amd64_microsoft.windows.common-controls_6595b64144ccf1df_6.0.7601.17514_none_fa396087175ac9ac\COMCTL32.dll
0x000007fefecc0000 - 0x000007fefed31000 	C:\Windows\system32\SHLWAPI.dll
0x000007fefeb30000 - 0x000007fefeb5e000 	C:\Windows\system32\IMM32.DLL
0x000007fefea20000 - 0x000007fefeb29000 	C:\Windows\system32\MSCTF.dll
0x0000000060360000 - 0x0000000060431000 	C:\Program Files\Java\jdk1.7.0_13\jre\bin\msvcr100.dll
0x000000005fc40000 - 0x000000006035f000 	C:\Program Files\Java\jdk1.7.0_13\jre\bin\server\jvm.dll
0x000007fef9c10000 - 0x000007fef9c19000 	C:\Windows\system32\WSOCK32.dll
0x000007fefdd10000 - 0x000007fefdd5d000 	C:\Windows\system32\WS2_32.dll
0x000007fefee40000 - 0x000007fefee48000 	C:\Windows\system32\NSI.dll
0x000007fef90d0000 - 0x000007fef910b000 	C:\Windows\system32\WINMM.dll
0x0000000077a00000 - 0x0000000077a07000 	C:\Windows\system32\PSAPI.DLL
0x0000000075170000 - 0x000000007517f000 	C:\Program Files\Java\jdk1.7.0_13\jre\bin\verify.dll
0x0000000065ef0000 - 0x0000000065f18000 	C:\Program Files\Java\jdk1.7.0_13\jre\bin\java.dll
0x0000000060b30000 - 0x0000000060b65000 	C:\Program Files\Java\jdk1.7.0_13\jre\bin\jdwp.dll
0x000000006e7f0000 - 0x000000006e7f8000 	C:\Program Files\Java\jdk1.7.0_13\jre\bin\npt.dll
0x0000000060c60000 - 0x0000000060c83000 	C:\Program Files\Java\jdk1.7.0_13\jre\bin\instrument.dll
0x0000000072c50000 - 0x0000000072c65000 	C:\Program Files\Java\jdk1.7.0_13\jre\bin\zip.dll
0x00000000730f0000 - 0x00000000730f9000 	C:\Program Files\Java\jdk1.7.0_13\jre\bin\dt_socket.dll
0x000007fefa7a0000 - 0x000007fefa7b5000 	C:\Windows\system32\NLAapi.dll
0x000007fef2a60000 - 0x000007fef2a75000 	C:\Windows\system32\napinsp.dll
0x000007feee420000 - 0x000007feee439000 	C:\Windows\system32\pnrpnsp.dll
0x000007fefc180000 - 0x000007fefc1d5000 	C:\Windows\System32\mswsock.dll
0x000007fefbee0000 - 0x000007fefbf3b000 	C:\Windows\system32\DNSAPI.dll
0x000007feee410000 - 0x000007feee41b000 	C:\Windows\System32\winrnr.dll
0x000007fef8980000 - 0x000007fef89af000 	C:\Program Files\Common Files\Microsoft Shared\Windows Live\WLIDNSP.DLL
0x000007fefa3b0000 - 0x000007fefa3d7000 	C:\Windows\system32\IPHLPAPI.DLL
0x000007fefa390000 - 0x000007fefa39b000 	C:\Windows\system32\WINNSI.DLL
0x000007fefa1a0000 - 0x000007fefa1f3000 	C:\Windows\System32\fwpuclnt.dll
0x000007fef8970000 - 0x000007fef8978000 	C:\Windows\system32\rasadhlp.dll
0x000007fefb9f0000 - 0x000007fefb9f7000 	C:\Windows\System32\wshtcpip.dll
0x0000000070720000 - 0x0000000070739000 	C:\Program Files\Java\jdk1.7.0_13\jre\bin\net.dll
0x000007fefc170000 - 0x000007fefc177000 	C:\Windows\System32\wship6.dll
0x0000000070580000 - 0x0000000070591000 	C:\Program Files\Java\jdk1.7.0_13\jre\bin\nio.dll
0x0000000065710000 - 0x0000000065734000 	C:\Program Files\Java\jdk1.7.0_13\jre\bin\sunec.dll
0x000000006c7c0000 - 0x000000006c7cb000 	C:\Program Files\Java\jdk1.7.0_13\jre\bin\sunmscapi.dll
0x000007fefca00000 - 0x000007fefcb6c000 	C:\Windows\system32\CRYPT32.dll
0x000007fefc8d0000 - 0x000007fefc8df000 	C:\Windows\system32\MSASN1.dll
0x000007fefc050000 - 0x000007fefc067000 	C:\Windows\system32\CRYPTSP.dll
0x000007fefbdf0000 - 0x000007fefbe37000 	C:\Windows\system32\rsaenh.dll
0x000007fefbb20000 - 0x000007fefbb3e000 	C:\Windows\system32\USERENV.dll
0x000007fefc830000 - 0x000007fefc83f000 	C:\Windows\system32\profapi.dll
0x000007fefc760000 - 0x000007fefc76f000 	C:\Windows\system32\CRYPTBASE.dll
0x000007feee2e0000 - 0x000007feee405000 	C:\Windows\system32\dbghelp.dll

VM Arguments:
jvm_args: -agentlib:jdwp=transport=dt_socket,suspend=y,address=localhost:53378 -Ddatastore.default_high_rep_job_policy_unapplied_job_pct=50 -Xmx512m -javaagent:C:\dev\eclipse-cpp\plugins\com.google.appengine.eclipse.sdkbundle_1.7.5\appengine-java-sdk-1.7.5\lib\agent\appengine-agent.jar -Dfile.encoding=Cp1250 
java_command: com.google.appengine.tools.development.DevAppServerMain --port=8888 C:\dev\steam-ui\SteamUi\war
Launcher Type: SUN_STANDARD

Environment Variables:
PATH=C:\Program Files\Java\jdk1.7.0_13\jre\bin;C:\Program Files (x86)\NVIDIA Corporation\PhysX\Common;C:\MinGW\bin;C:\dev\uzebox\bin;C:\WinAVR-20100110\bin;C:\WinAVR-20100110\utils\bin;C:\Program Files\Common Files\Microsoft Shared\Windows Live;C:\Program Files (x86)\Common Files\Microsoft Shared\Windows Live;C:\Windows\system32;C:\Windows;C:\Windows\System32\Wbem;C:\Windows\System32\WindowsPowerShell\v1.0\;C:\Program Files (x86)\Windows Live\Shared;C:\Program Files (x86)\WinMerge;C:\Program Files (x86)\FastSum;C:\Program Files (x86)\Calibre2\;C:\Program Files (x86)\Mobile Action\Alcatel onetouch Manager;C:\Program Files (x86)\OpenVPN\bin
USERNAME=shiny
OS=Windows_NT
PROCESSOR_IDENTIFIER=Intel64 Family 6 Model 23 Stepping 6, GenuineIntel



---------------  S Y S T E M  ---------------

OS: Windows 7 , 64 bit Build 7601 Service Pack 1

CPU:total 2 (2 cores per cpu, 1 threads per core) family 6 model 23 stepping 6, cmov, cx8, fxsr, mmx, sse, sse2, sse3, ssse3, sse4.1, tsc

Memory: 4k page, physical 8387896k(3931376k free), swap 16705008k(10894908k free)

vm_info: Java HotSpot(TM) 64-Bit Server VM (23.7-b01) for windows-amd64 JRE (1.7.0_13-b20), built on Jan 30 2013 10:10:00 by "java_re" with unknown MS VC++:1600

time: Sun Oct 27 21:34:49 2013
elapsed time: 687 seconds

